<?xml version="1.0" encoding="UTF-8"?>
<testng-results ignored="0" total="1" passed="1" failed="0" skipped="0">
  <reporter-output>
  </reporter-output>
  <suite started-at="2022-02-03T09:29:08 IST" name="Default suite" finished-at="2022-02-03T09:29:24 IST" duration-ms="15978">
    <groups>
    </groups>
    <test started-at="2022-02-03T09:29:08 IST" name="Default test" finished-at="2022-02-03T09:29:24 IST" duration-ms="15978">
      <class name="Test.Sample_maven_project.Example_for_sureFire_dependency">
        <test-method signature="sample()[pri:0, instance:Test.Sample_maven_project.Example_for_sureFire_dependency@4470f8a6]" started-at="2022-02-03T09:29:08 IST" name="sample" finished-at="2022-02-03T09:29:24 IST" duration-ms="15904" status="PASS">
          <reporter-output>
          </reporter-output>
        </test-method> <!-- sample -->
      </class> <!-- Test.Sample_maven_project.Example_for_sureFire_dependency -->
    </test> <!-- Default test -->
  </suite> <!-- Default suite -->
</testng-results>
